android/app/build/intermediates/manifest_merge_blame_file/release/manifest-merger-blame-release-report.txt
1<?xml version="1.0" encoding="utf-8"?>
2<manifest xmlns:android="http://schemas.android.com/apk/res/android"
3    package="com.elm3ml"
4    android:versionCode="2004"
5    android:versionName="2.0" >
6
7    <uses-sdk
8        android:minSdkVersion="21"
8-->src/main/AndroidManifest.xml
9        android:targetSdkVersion="33" />
9-->src/main/AndroidManifest.xml
10
11    <uses-permission android:name="android.permission.INTERNET" />
11-->src/main/AndroidManifest.xml:3:5-67
11-->src/main/AndroidManifest.xml:3:22-64
12    <uses-permission android:name="android.permission.READ_EXTERNAL_STORAGE" />
12-->src/main/AndroidManifest.xml:4:5-80
12-->src/main/AndroidManifest.xml:4:22-77
13    <uses-permission android:name="android.permission.CAMERA" />
13-->src/main/AndroidManifest.xml:5:5-64
13-->src/main/AndroidManifest.xml:5:22-62
14    <uses-permission android:name="android.permission.WRITE_EXTERNAL_STORAGE" />
14-->src/main/AndroidManifest.xml:6:5-81
14-->src/main/AndroidManifest.xml:6:22-78
15    <uses-permission android:name="android.permission.DOWNLOAD_WITHOUT_NOTIFICATION" />
15-->src/main/AndroidManifest.xml:7:5-88
15-->src/main/AndroidManifest.xml:7:22-85
16    <uses-permission android:name="android.permission.ACCESS_NETWORK_STATE" />
16-->src/main/AndroidManifest.xml:8:5-79
16-->src/main/AndroidManifest.xml:8:22-76
17    <uses-permission android:name="android.permission.ACCESS_WIFI_STATE" />
17-->[:react-native-community_netinfo] AndroidManifest.xml:10:5-76
17-->[:react-native-community_netinfo] AndroidManifest.xml:10:22-73
18
19    <queries>
19-->[:react-native-image-crop-picker] AndroidManifest.xml:9:5-13:15
20        <intent>
20-->[:react-native-image-crop-picker] AndroidManifest.xml:10:9-12:18
21            <action android:name="android.media.action.IMAGE_CAPTURE" />
21-->[:react-native-image-crop-picker] AndroidManifest.xml:11:13-73
21-->[:react-native-image-crop-picker] AndroidManifest.xml:11:21-70
22        </intent>
23    </queries> <!-- Required to access Google Play Licensing -->
24    <uses-permission android:name="com.android.vending.CHECK_LICENSE" />
24-->[:rn-fetch-blob] AndroidManifest.xml:10:5-73
24-->[:rn-fetch-blob] AndroidManifest.xml:10:22-70
25    <!--
26         Required to keep CPU alive while downloading files
27        (NOT to keep screen awake)
28    -->
29    <uses-permission android:name="android.permission.WAKE_LOCK" />
29-->[:rn-fetch-blob] AndroidManifest.xml:19:5-68
29-->[:rn-fetch-blob] AndroidManifest.xml:19:22-65
30
31    <application
31-->src/main/AndroidManifest.xml:9:5-30:19
32        android:name="com.elm3ml.MainApplication"
32-->src/main/AndroidManifest.xml:10:7-38
33        android:allowBackup="false"
33-->src/main/AndroidManifest.xml:14:7-34
34        android:appComponentFactory="androidx.core.app.CoreComponentFactory"
34-->[androidx.core:core:1.7.0] AndroidManifest.xml:24:18-86
35        android:icon="@mipmap/ic_launcher"
35-->src/main/AndroidManifest.xml:12:7-41
36        android:label="@string/app_name"
36-->src/main/AndroidManifest.xml:11:7-39
37        android:requestLegacyExternalStorage="true"
37-->src/main/AndroidManifest.xml:15:7-50
38        android:roundIcon="@mipmap/ic_launcher_round"
38-->src/main/AndroidManifest.xml:13:7-52
39        android:theme="@style/AppTheme" >
39-->src/main/AndroidManifest.xml:16:7-38
40        <activity
40-->src/main/AndroidManifest.xml:17:7-29:18
41            android:name="com.elm3ml.MainActivity"
41-->src/main/AndroidManifest.xml:18:9-37
42            android:configChanges="keyboard|keyboardHidden|orientation|screenLayout|screenSize|smallestScreenSize|uiMode"
42-->src/main/AndroidManifest.xml:20:9-118
43            android:exported="true"
43-->src/main/AndroidManifest.xml:23:9-32
44            android:label="@string/app_name"
44-->src/main/AndroidManifest.xml:19:9-41
45            android:launchMode="singleTask"
45-->src/main/AndroidManifest.xml:21:9-40
46            android:windowSoftInputMode="adjustResize" >
46-->src/main/AndroidManifest.xml:22:9-51
47            <intent-filter>
47-->src/main/AndroidManifest.xml:24:9-28:25
48                <action android:name="android.intent.action.MAIN" />
48-->src/main/AndroidManifest.xml:25:13-65
48-->src/main/AndroidManifest.xml:25:21-62
49                <action android:name="android.intent.action.DOWNLOAD_COMPLETE" />
49-->src/main/AndroidManifest.xml:26:13-78
49-->src/main/AndroidManifest.xml:26:21-75
50
51                <category android:name="android.intent.category.LAUNCHER" />
51-->src/main/AndroidManifest.xml:27:13-73
51-->src/main/AndroidManifest.xml:27:23-70
52            </intent-filter>
53        </activity>
54        <activity android:name="com.facebook.react.devsupport.DevSettingsActivity" />
54-->[:react-native-code-push] AndroidManifest.xml:12:9-86
54-->[:react-native-code-push] AndroidManifest.xml:12:19-83
55
56        <provider
56-->[:react-native-image-crop-picker] AndroidManifest.xml:18:9-26:20
57            android:name="com.reactnative.ivpusic.imagepicker.IvpusicImagePickerFileProvider"
57-->[:react-native-image-crop-picker] AndroidManifest.xml:19:13-94
58            android:authorities="com.elm3ml.provider"
58-->[:react-native-image-crop-picker] AndroidManifest.xml:20:13-60
59            android:exported="false"
59-->[:react-native-image-crop-picker] AndroidManifest.xml:21:13-37
60            android:grantUriPermissions="true" >
60-->[:react-native-image-crop-picker] AndroidManifest.xml:22:13-47
61            <meta-data
61-->[:react-native-image-crop-picker] AndroidManifest.xml:23:13-25:78
62                android:name="android.support.FILE_PROVIDER_PATHS"
62-->[:react-native-image-crop-picker] AndroidManifest.xml:24:17-67
63                android:resource="@xml/ivpusic_imagepicker_provider_paths" />
63-->[:react-native-image-crop-picker] AndroidManifest.xml:25:17-75
64        </provider>
65
66        <activity
66-->[:react-native-image-crop-picker] AndroidManifest.xml:28:9-30:72
67            android:name="com.yalantis.ucrop.UCropActivity"
67-->[:react-native-image-crop-picker] AndroidManifest.xml:29:13-60
68            android:theme="@style/Theme.AppCompat.Light.NoActionBar" />
68-->[:react-native-image-crop-picker] AndroidManifest.xml:30:13-69
69
70        <provider
70-->[:react-native-image-picker] AndroidManifest.xml:10:9-18:20
71            android:name="com.imagepicker.ImagePickerProvider"
71-->[:react-native-image-picker] AndroidManifest.xml:11:13-63
72            android:authorities="com.elm3ml.imagepickerprovider"
72-->[:react-native-image-picker] AndroidManifest.xml:12:13-71
73            android:exported="false"
73-->[:react-native-image-picker] AndroidManifest.xml:13:13-37
74            android:grantUriPermissions="true" >
74-->[:react-native-image-picker] AndroidManifest.xml:14:13-47
75            <meta-data
75-->[:react-native-image-crop-picker] AndroidManifest.xml:23:13-25:78
76                android:name="android.support.FILE_PROVIDER_PATHS"
76-->[:react-native-image-crop-picker] AndroidManifest.xml:24:17-67
77                android:resource="@xml/imagepicker_provider_paths" />
77-->[:react-native-image-crop-picker] AndroidManifest.xml:25:17-75
78        </provider>
79        <provider
79-->[:react-native-webview] AndroidManifest.xml:10:9-18:20
80            android:name="com.reactnativecommunity.webview.RNCWebViewFileProvider"
80-->[:react-native-webview] AndroidManifest.xml:11:13-83
81            android:authorities="com.elm3ml.fileprovider"
81-->[:react-native-webview] AndroidManifest.xml:12:13-64
82            android:exported="false"
82-->[:react-native-webview] AndroidManifest.xml:13:13-37
83            android:grantUriPermissions="true" >
83-->[:react-native-webview] AndroidManifest.xml:14:13-47
84            <meta-data
84-->[:react-native-image-crop-picker] AndroidManifest.xml:23:13-25:78
85                android:name="android.support.FILE_PROVIDER_PATHS"
85-->[:react-native-image-crop-picker] AndroidManifest.xml:24:17-67
86                android:resource="@xml/file_provider_paths" />
86-->[:react-native-image-crop-picker] AndroidManifest.xml:25:17-75
87        </provider>
88        <provider
88-->[:rn-fetch-blob] AndroidManifest.xml:34:9-42:20
89            android:name="com.RNFetchBlob.Utils.FileProvider"
89-->[:rn-fetch-blob] AndroidManifest.xml:35:13-62
90            android:authorities="com.elm3ml.provider"
90-->[:rn-fetch-blob] AndroidManifest.xml:36:13-60
91            android:exported="false"
91-->[:rn-fetch-blob] AndroidManifest.xml:37:13-37
92            android:grantUriPermissions="true" >
92-->[:rn-fetch-blob] AndroidManifest.xml:38:13-47
93            <meta-data
93-->[:react-native-image-crop-picker] AndroidManifest.xml:23:13-25:78
94                android:name="android.support.FILE_PROVIDER_PATHS"
94-->[:react-native-image-crop-picker] AndroidManifest.xml:24:17-67
95                android:resource="@xml/provider_paths" />
95-->[:react-native-image-crop-picker] AndroidManifest.xml:25:17-75
96        </provider>
97        <provider
97-->[androidx.emoji2:emoji2:1.0.0] AndroidManifest.xml:26:9-34:20
98            android:name="androidx.startup.InitializationProvider"
98-->[androidx.emoji2:emoji2:1.0.0] AndroidManifest.xml:27:13-67
99            android:authorities="com.elm3ml.androidx-startup"
99-->[androidx.emoji2:emoji2:1.0.0] AndroidManifest.xml:28:13-68
100            android:exported="false" >
100-->[androidx.emoji2:emoji2:1.0.0] AndroidManifest.xml:29:13-37
101            <meta-data
101-->[androidx.emoji2:emoji2:1.0.0] AndroidManifest.xml:31:13-33:52
102                android:name="androidx.emoji2.text.EmojiCompatInitializer"
102-->[androidx.emoji2:emoji2:1.0.0] AndroidManifest.xml:32:17-75
103                android:value="androidx.startup" />
103-->[androidx.emoji2:emoji2:1.0.0] AndroidManifest.xml:33:17-49
104            <meta-data
104-->[androidx.lifecycle:lifecycle-process:2.4.0] AndroidManifest.xml:31:13-33:52
105                android:name="androidx.lifecycle.ProcessLifecycleInitializer"
105-->[androidx.lifecycle:lifecycle-process:2.4.0] AndroidManifest.xml:32:17-78
106                android:value="androidx.startup" />
106-->[androidx.lifecycle:lifecycle-process:2.4.0] AndroidManifest.xml:33:17-49
107        </provider>
108    </application>
109
110</manifest>